copying runtime jar...
[info] welcome to sbt 1.3.13 (Homebrew Java 17.0.12)
[info] loading project definition from /Users/admin/uni/EDAN26/labs/lab1/project
[info] loading settings for project lab1 from build.sbt ...
[info] Compiling 1 Scala source to /Users/admin/uni/EDAN26/labs/lab1/target/scala-2.13/classes ...
[warn] /Users/admin/uni/EDAN26/labs/lab1/preflow.scala:228:16: Implicit definition should have explicit type (inferred akka.util.Timeout) [quickfixable]
[warn]   implicit val t = Timeout(4 seconds);
[warn]                ^
[warn] 6 deprecations (since 2.13.3); re-run with -deprecation for details
[warn] two warnings found
[info] Done compiling.
[info] running main 
16:41:11.369 [Main-akka.actor.default-dispatcher-5] INFO akka.event.slf4j.Slf4jLogger - Slf4jLogger started
(flow > 0: ,10,10)
(flow > 0: ,10,2)
(flow > 0: ,8,0)
(flow > 0: ,8,0)
(flow > 0: ,8,0)
(flow < 0: ,8,20)
[error] (run-main-0) java.util.concurrent.TimeoutException: Future timed out after [4 seconds]
[error] java.util.concurrent.TimeoutException: Future timed out after [4 seconds]
[error] 	at scala.concurrent.impl.Promise$DefaultPromise.tryAwait0(Promise.scala:248)
[error] 	at scala.concurrent.impl.Promise$DefaultPromise.result(Promise.scala:261)
[error] 	at scala.concurrent.Await$.$anonfun$result$1(package.scala:201)
[error] 	at scala.concurrent.BlockContext$DefaultBlockContext$.blockOn(BlockContext.scala:62)
[error] 	at scala.concurrent.Await$.result(package.scala:124)
[error] 	at main$.delayedEndpoint$main$1(preflow.scala:270)
[error] 	at main$delayedInit$body.apply(preflow.scala:227)
[error] 	at scala.Function0.apply$mcV$sp(Function0.scala:42)
[error] 	at scala.Function0.apply$mcV$sp$(Function0.scala:42)
[error] 	at scala.runtime.AbstractFunction0.apply$mcV$sp(AbstractFunction0.scala:17)
[error] 	at scala.App.$anonfun$main$1(App.scala:98)
[error] 	at scala.App.$anonfun$main$1$adapted(App.scala:98)
[error] 	at scala.collection.IterableOnceOps.foreach(IterableOnce.scala:619)
[error] 	at scala.collection.IterableOnceOps.foreach$(IterableOnce.scala:617)
[error] 	at scala.collection.AbstractIterable.foreach(Iterable.scala:935)
[error] 	at scala.App.main(App.scala:98)
[error] 	at scala.App.main$(App.scala:96)
[error] 	at main$.main(preflow.scala:227)
[error] 	at main.main(preflow.scala)
[error] 	at java.base/jdk.internal.reflect.NativeMethodAccessorImpl.invoke0(Native Method)
[error] 	at java.base/jdk.internal.reflect.NativeMethodAccessorImpl.invoke(NativeMethodAccessorImpl.java:77)
[error] 	at java.base/jdk.internal.reflect.DelegatingMethodAccessorImpl.invoke(DelegatingMethodAccessorImpl.java:43)
[error] 	at java.base/java.lang.reflect.Method.invoke(Method.java:569)
[error] stack trace is suppressed; run 'last Compile / bgRun' for the full output

[warn] Canceling execution...
[warn] Run canceled.
